0 info it worked if it ends with ok
1 verbose cli [ '/home/mikhail/.nvm/versions/node/v6.9.0/bin/node',
1 verbose cli   '/home/mikhail/.nvm/versions/node/v6.9.0/bin/npm',
1 verbose cli   'start' ]
2 info using npm@3.10.8
3 info using node@v6.9.0
4 verbose run-script [ 'prestart', 'start', 'poststart' ]
5 info lifecycle node-js-getting-started@0.2.5~prestart: node-js-getting-started@0.2.5
6 silly lifecycle node-js-getting-started@0.2.5~prestart: no script for prestart, continuing
7 info lifecycle node-js-getting-started@0.2.5~start: node-js-getting-started@0.2.5
8 verbose lifecycle node-js-getting-started@0.2.5~start: unsafe-perm in lifecycle true
9 verbose lifecycle node-js-getting-started@0.2.5~start: PATH: /home/mikhail/.nvm/versions/node/v6.9.0/lib/node_modules/npm/bin/node-gyp-bin:/home/mikhail/Projects/wunderlist-github/node_modules/.bin:/home/mikhail/.nvm/versions/node/v6.9.0/bin:/usr/local/heroku/bin/:/home/mikhail/.rvm/gems/ruby-2.3.1/bin:/home/mikhail/.rvm/gems/ruby-2.3.1@global/bin:/home/mikhail/.rvm/rubies/ruby-2.3.1/bin:/usr/local/sbin:/usr/local/bin:/usr/bin:/opt/depot_tools:/usr/lib/jvm/default/bin:/usr/bin/site_perl:/usr/bin/vendor_perl:/usr/bin/core_perl:/home/mikhail/.gem/ruby/2.4.0/bin:/home/mikhail/.rvm/bin:/home/mikhail/.rvm/bin:/home/mikhail/.gem/ruby/2.3.0/bin
10 verbose lifecycle node-js-getting-started@0.2.5~start: CWD: /home/mikhail/Projects/wunderlist-github
11 silly lifecycle node-js-getting-started@0.2.5~start: Args: [ '-c', 'node server.js' ]
12 silly lifecycle node-js-getting-started@0.2.5~start: Returned: code: 1  signal: null
13 info lifecycle node-js-getting-started@0.2.5~start: Failed to exec start script
14 verbose stack Error: node-js-getting-started@0.2.5 start: `node server.js`
14 verbose stack Exit status 1
14 verbose stack     at EventEmitter.<anonymous> (/home/mikhail/.nvm/versions/node/v6.9.0/lib/node_modules/npm/lib/utils/lifecycle.js:255:16)
14 verbose stack     at emitTwo (events.js:106:13)
14 verbose stack     at EventEmitter.emit (events.js:191:7)
14 verbose stack     at ChildProcess.<anonymous> (/home/mikhail/.nvm/versions/node/v6.9.0/lib/node_modules/npm/lib/utils/spawn.js:40:14)
14 verbose stack     at emitTwo (events.js:106:13)
14 verbose stack     at ChildProcess.emit (events.js:191:7)
14 verbose stack     at maybeClose (internal/child_process.js:877:16)
14 verbose stack     at Process.ChildProcess._handle.onexit (internal/child_process.js:226:5)
15 verbose pkgid node-js-getting-started@0.2.5
16 verbose cwd /home/mikhail/Projects/wunderlist-github
17 error Linux 4.9.9-1-MANJARO
18 error argv "/home/mikhail/.nvm/versions/node/v6.9.0/bin/node" "/home/mikhail/.nvm/versions/node/v6.9.0/bin/npm" "start"
19 error node v6.9.0
20 error npm  v3.10.8
21 error code ELIFECYCLE
22 error node-js-getting-started@0.2.5 start: `node server.js`
22 error Exit status 1
23 error Failed at the node-js-getting-started@0.2.5 start script 'node server.js'.
23 error Make sure you have the latest version of node.js and npm installed.
23 error If you do, this is most likely a problem with the node-js-getting-started package,
23 error not with npm itself.
23 error Tell the author that this fails on your system:
23 error     node server.js
23 error You can get information on how to open an issue for this project with:
23 error     npm bugs node-js-getting-started
23 error Or if that isn't available, you can get their info via:
23 error     npm owner ls node-js-getting-started
23 error There is likely additional logging output above.
24 verbose exit [ 1, true ]
